2025-06-22 15:58:39,508 - INFO - ============================================================
2025-06-22 15:58:39,508 - INFO - PROTHOM ALO NEWS SCRAPER STARTING
2025-06-22 15:58:39,508 - INFO - ============================================================
2025-06-22 15:58:39,508 - INFO - Starting scraping pipeline for 2 pages...
2025-06-22 15:58:39,508 - INFO - Connecting to Elasticsearch...
2025-06-22 15:58:39,513 - INFO - HEAD http://localhost:9200/ [status:200 duration:0.003s]
2025-06-22 15:58:39,513 - INFO - Successfully connected to Elasticsearch
2025-06-22 15:58:39,515 - INFO - HEAD http://localhost:9200/prothomalo_politics [status:200 duration:0.002s]
2025-06-22 15:58:39,515 - INFO - Index 'prothomalo_politics' already exists
2025-06-22 15:58:39,516 - INFO - Fetching page 1/2 from API...
2025-06-22 15:58:40,682 - INFO - Fetching page 2/2 from API...
2025-06-22 15:58:41,821 - INFO - Found 24 article URLs
2025-06-22 15:58:41,823 - INFO - Scraping article 1/24: https://www.prothomalo.com/politics/3o1455ef40
2025-06-22 15:58:42,042 - INFO - Successfully scraped: সাবেক তিন সিইসিসহ ২৪ জনকে আসামি করে বিএনপির মামলার...
2025-06-22 15:58:43,043 - INFO - Scraping article 2/24: https://www.prothomalo.com/politics/yvpxaw1e3k
2025-06-22 15:58:43,274 - INFO - Successfully scraped: শিক্ষা-গবেষণায় বৈষম্য থাকবে না, এমন শিক্ষাঙ্গন করত...
2025-06-22 15:58:44,275 - INFO - Scraping article 3/24: https://www.prothomalo.com/politics/yilg8xycel
2025-06-22 15:58:44,471 - INFO - Successfully scraped: রাজনৈতিক দলগুলোকে আরেকটু ছাড়ের জায়গায় আসার আহ্বান ...
2025-06-22 15:58:45,472 - INFO - Scraping article 4/24: https://www.prothomalo.com/politics/scpqv44du6
2025-06-22 15:58:45,669 - INFO - Successfully scraped: একক দলের সঙ্গে বসে নির্বাচনের তারিখ নির্ধারণের চেষ...
2025-06-22 15:58:46,670 - INFO - Scraping article 5/24: https://www.prothomalo.com/politics/11fsy1kmel
2025-06-22 15:58:46,863 - INFO - Successfully scraped: সুষ্ঠু নির্বাচনের জন্য নির্বাচনী অঙ্গনকে পরিচ্ছন্ন...
2025-06-22 15:58:47,863 - INFO - Scraping article 6/24: https://www.prothomalo.com/politics/5vgwrqbj1d
2025-06-22 15:58:48,059 - INFO - Successfully scraped: নতুন দল নিবন্ধনে আবেদনের সময় শেষ হচ্ছে আজ...
2025-06-22 15:58:49,059 - INFO - Scraping article 7/24: https://www.prothomalo.com/politics/f3hsnx37py
2025-06-22 15:58:49,268 - INFO - Successfully scraped: বন্দর লিজ ও রাখাইনে করিডরের উদ্যোগ বাতিলের দাবিতে ...
2025-06-22 15:58:50,268 - INFO - Scraping article 8/24: https://www.prothomalo.com/politics/dyyf3zgyf0
2025-06-22 15:58:50,454 - INFO - Successfully scraped: দলীয়করণ করলে গণ-অভ্যুত্থানের শহীদদের অবমূল্যায়ন কর...
2025-06-22 15:58:51,454 - INFO - Scraping article 9/24: https://www.prothomalo.com/bangladesh/district/l1xnj5cyge
2025-06-22 15:58:51,646 - INFO - Successfully scraped: নরসিংদীতে বিএনপির দুই পক্ষের সংঘর্ষের ছয় দিন পর গু...
2025-06-22 15:58:52,646 - INFO - Scraping article 10/24: https://www.prothomalo.com/bangladesh/district/rpnswh7nlt
2025-06-22 15:58:52,830 - INFO - Successfully scraped: ‘অনুমতি ছাড়াই’ নাম দেওয়া হলো এনসিপির কমিটিতে, আছেন...
2025-06-22 15:58:53,830 - INFO - Scraping article 11/24: https://www.prothomalo.com/politics/dbfri9ghck
2025-06-22 15:58:54,044 - INFO - Successfully scraped: মুসলিম বিশ্বকে মহাযুদ্ধের প্রস্তুতি নেওয়ার আহ্বান ...
2025-06-22 15:58:55,045 - INFO - Scraping article 12/24: https://www.prothomalo.com/bangladesh/district/xqc1cbvx9n
2025-06-22 15:58:55,218 - INFO - Successfully scraped: আগামী নির্বাচন সুষ্ঠু না হলে মহাদুর্যোগ নেমে আসবে...
2025-06-22 15:58:56,218 - INFO - Scraping article 13/24: https://www.prothomalo.com/politics/3o1455ef40
2025-06-22 15:58:56,402 - INFO - Successfully scraped: সাবেক তিন সিইসিসহ ২৪ জনকে আসামি করে বিএনপির মামলার...
2025-06-22 15:58:57,403 - INFO - Scraping article 14/24: https://www.prothomalo.com/politics/yvpxaw1e3k
2025-06-22 15:58:57,624 - INFO - Successfully scraped: শিক্ষা-গবেষণায় বৈষম্য থাকবে না, এমন শিক্ষাঙ্গন করত...
2025-06-22 15:58:58,625 - INFO - Scraping article 15/24: https://www.prothomalo.com/politics/yilg8xycel
2025-06-22 15:58:58,888 - INFO - Successfully scraped: রাজনৈতিক দলগুলোকে আরেকটু ছাড়ের জায়গায় আসার আহ্বান ...
2025-06-22 15:58:59,889 - INFO - Scraping article 16/24: https://www.prothomalo.com/politics/scpqv44du6
2025-06-22 15:59:00,086 - INFO - Successfully scraped: একক দলের সঙ্গে বসে নির্বাচনের তারিখ নির্ধারণের চেষ...
2025-06-22 15:59:01,087 - INFO - Scraping article 17/24: https://www.prothomalo.com/politics/11fsy1kmel
2025-06-22 15:59:01,301 - INFO - Successfully scraped: সুষ্ঠু নির্বাচনের জন্য নির্বাচনী অঙ্গনকে পরিচ্ছন্ন...
2025-06-22 15:59:02,301 - INFO - Scraping article 18/24: https://www.prothomalo.com/politics/5vgwrqbj1d
2025-06-22 15:59:02,499 - INFO - Successfully scraped: নতুন দল নিবন্ধনে আবেদনের সময় শেষ হচ্ছে আজ...
2025-06-22 15:59:03,500 - INFO - Scraping article 19/24: https://www.prothomalo.com/politics/f3hsnx37py
2025-06-22 15:59:03,724 - INFO - Successfully scraped: বন্দর লিজ ও রাখাইনে করিডরের উদ্যোগ বাতিলের দাবিতে ...
2025-06-22 15:59:04,724 - INFO - Scraping article 20/24: https://www.prothomalo.com/politics/dyyf3zgyf0
2025-06-22 15:59:04,928 - INFO - Successfully scraped: দলীয়করণ করলে গণ-অভ্যুত্থানের শহীদদের অবমূল্যায়ন কর...
2025-06-22 15:59:05,929 - INFO - Scraping article 21/24: https://www.prothomalo.com/bangladesh/district/l1xnj5cyge
2025-06-22 15:59:06,135 - INFO - Successfully scraped: নরসিংদীতে বিএনপির দুই পক্ষের সংঘর্ষের ছয় দিন পর গু...
2025-06-22 15:59:07,136 - INFO - Scraping article 22/24: https://www.prothomalo.com/bangladesh/district/rpnswh7nlt
2025-06-22 15:59:07,321 - INFO - Successfully scraped: ‘অনুমতি ছাড়াই’ নাম দেওয়া হলো এনসিপির কমিটিতে, আছেন...
2025-06-22 15:59:08,322 - INFO - Scraping article 23/24: https://www.prothomalo.com/politics/dbfri9ghck
2025-06-22 15:59:08,520 - INFO - Successfully scraped: মুসলিম বিশ্বকে মহাযুদ্ধের প্রস্তুতি নেওয়ার আহ্বান ...
2025-06-22 15:59:09,520 - INFO - Scraping article 24/24: https://www.prothomalo.com/bangladesh/district/xqc1cbvx9n
2025-06-22 15:59:09,731 - INFO - Successfully scraped: আগামী নির্বাচন সুষ্ঠু না হলে মহাদুর্যোগ নেমে আসবে...
2025-06-22 15:59:09,732 - INFO - Successfully scraped 24/24 articles
2025-06-22 15:59:09,732 - INFO - Starting bulk indexing of 24 documents...
2025-06-22 15:59:09,867 - INFO - PUT http://localhost:9200/_bulk [status:200 duration:0.110s]
2025-06-22 15:59:09,867 - INFO - Successfully indexed 24 documents
2025-06-22 15:59:09,867 - INFO - ============================================================
2025-06-22 15:59:09,867 - INFO - SCRAPING PIPELINE COMPLETED SUCCESSFULLY
2025-06-22 15:59:09,867 - INFO - ============================================================
2025-06-22 17:08:05,619 - INFO - ============================================================
2025-06-22 17:08:05,619 - INFO - PROTHOM ALO NEWS SCRAPER STARTING
2025-06-22 17:08:05,619 - INFO - ============================================================
2025-06-22 17:08:05,619 - INFO - Starting scraping pipeline for 2 pages...
2025-06-22 17:08:05,620 - INFO - Connecting to Elasticsearch...
2025-06-22 17:08:05,623 - INFO - HEAD http://localhost:9200/ [status:200 duration:0.002s]
2025-06-22 17:08:05,624 - INFO - Successfully connected to Elasticsearch
2025-06-22 17:08:05,625 - INFO - HEAD http://localhost:9200/prothomalo_politics [status:200 duration:0.001s]
2025-06-22 17:08:05,626 - INFO - Index 'prothomalo_politics' already exists
2025-06-22 17:08:05,626 - INFO - Fetching page 1/2 from API...
2025-06-22 17:08:07,189 - INFO - Fetching page 2/2 from API...
2025-06-22 17:08:08,658 - INFO - Found 24 article URLs
2025-06-22 17:08:08,660 - INFO - Scraping article 1/24: https://www.prothomalo.com/politics/ujjqo4ck4n
2025-06-22 17:08:08,856 - INFO - Successfully scraped: এভাবে চলতে থাকলে কেয়ামত পর্যন্ত ঐক্যের সম্ভাবনা নে...
2025-06-22 17:08:09,857 - INFO - Scraping article 2/24: https://www.prothomalo.com/politics/hzkg0zs3bm
2025-06-22 17:08:10,108 - INFO - Successfully scraped: ১০ বছরের বেশি কারও প্রধানমন্ত্রীর দায়িত্ব পালনের প...
2025-06-22 17:08:11,108 - INFO - Scraping article 3/24: https://www.prothomalo.com/politics/3o1455ef40
2025-06-22 17:08:11,297 - INFO - Successfully scraped: সাবেক তিন সিইসিসহ ২৪ জনকে আসামি করে বিএনপির মামলার...
2025-06-22 17:08:12,297 - INFO - Scraping article 4/24: https://www.prothomalo.com/politics/yvpxaw1e3k
2025-06-22 17:08:12,508 - INFO - Successfully scraped: শিক্ষা-গবেষণায় বৈষম্য থাকবে না, এমন শিক্ষাঙ্গন করত...
2025-06-22 17:08:13,508 - INFO - Scraping article 5/24: https://www.prothomalo.com/politics/yilg8xycel
2025-06-22 17:08:13,696 - INFO - Successfully scraped: রাজনৈতিক দলগুলোকে আরেকটু ছাড়ের জায়গায় আসার আহ্বান ...
2025-06-22 17:08:14,696 - INFO - Scraping article 6/24: https://www.prothomalo.com/politics/scpqv44du6
2025-06-22 17:08:14,981 - INFO - Successfully scraped: একক দলের সঙ্গে বসে নির্বাচনের তারিখ নির্ধারণের চেষ...
2025-06-22 17:08:15,982 - INFO - Scraping article 7/24: https://www.prothomalo.com/politics/11fsy1kmel
2025-06-22 17:08:16,176 - INFO - Successfully scraped: সুষ্ঠু নির্বাচনের জন্য নির্বাচনী অঙ্গনকে পরিচ্ছন্ন...
2025-06-22 17:08:17,177 - INFO - Scraping article 8/24: https://www.prothomalo.com/politics/5vgwrqbj1d
2025-06-22 17:08:17,399 - INFO - Successfully scraped: নতুন দল নিবন্ধনে আবেদনের সময় শেষ হচ্ছে আজ...
2025-06-22 17:08:18,399 - INFO - Scraping article 9/24: https://www.prothomalo.com/politics/f3hsnx37py
2025-06-22 17:08:18,655 - INFO - Successfully scraped: বন্দর লিজ ও রাখাইনে করিডরের উদ্যোগ বাতিলের দাবিতে ...
2025-06-22 17:08:19,655 - INFO - Scraping article 10/24: https://www.prothomalo.com/politics/dyyf3zgyf0
2025-06-22 17:08:19,833 - INFO - Successfully scraped: দলীয়করণ করলে গণ-অভ্যুত্থানের শহীদদের অবমূল্যায়ন কর...
2025-06-22 17:08:20,834 - INFO - Scraping article 11/24: https://www.prothomalo.com/bangladesh/district/l1xnj5cyge
2025-06-22 17:08:21,067 - INFO - Successfully scraped: নরসিংদীতে বিএনপির দুই পক্ষের সংঘর্ষের ছয় দিন পর গু...
2025-06-22 17:08:22,068 - INFO - Scraping article 12/24: https://www.prothomalo.com/bangladesh/district/rpnswh7nlt
2025-06-22 17:08:22,264 - INFO - Successfully scraped: ‘অনুমতি ছাড়াই’ নাম দেওয়া হলো এনসিপির কমিটিতে, আছেন...
2025-06-22 17:08:23,265 - INFO - Scraping article 13/24: https://www.prothomalo.com/politics/ujjqo4ck4n
2025-06-22 17:08:23,472 - INFO - Successfully scraped: এভাবে চলতে থাকলে কেয়ামত পর্যন্ত ঐক্যের সম্ভাবনা নে...
2025-06-22 17:08:24,473 - INFO - Scraping article 14/24: https://www.prothomalo.com/politics/hzkg0zs3bm
2025-06-22 17:08:24,659 - INFO - Successfully scraped: ১০ বছরের বেশি কারও প্রধানমন্ত্রীর দায়িত্ব পালনের প...
2025-06-22 17:08:25,659 - INFO - Scraping article 15/24: https://www.prothomalo.com/politics/3o1455ef40
2025-06-22 17:08:25,865 - INFO - Successfully scraped: সাবেক তিন সিইসিসহ ২৪ জনকে আসামি করে বিএনপির মামলার...
2025-06-22 17:08:26,865 - INFO - Scraping article 16/24: https://www.prothomalo.com/politics/yvpxaw1e3k
2025-06-22 17:08:27,029 - INFO - Successfully scraped: শিক্ষা-গবেষণায় বৈষম্য থাকবে না, এমন শিক্ষাঙ্গন করত...
2025-06-22 17:08:28,030 - INFO - Scraping article 17/24: https://www.prothomalo.com/politics/yilg8xycel
2025-06-22 17:08:28,211 - INFO - Successfully scraped: রাজনৈতিক দলগুলোকে আরেকটু ছাড়ের জায়গায় আসার আহ্বান ...
2025-06-22 17:08:29,211 - INFO - Scraping article 18/24: https://www.prothomalo.com/politics/scpqv44du6
2025-06-22 17:08:29,416 - INFO - Successfully scraped: একক দলের সঙ্গে বসে নির্বাচনের তারিখ নির্ধারণের চেষ...
2025-06-22 17:08:30,417 - INFO - Scraping article 19/24: https://www.prothomalo.com/politics/11fsy1kmel
2025-06-22 17:08:30,596 - INFO - Successfully scraped: সুষ্ঠু নির্বাচনের জন্য নির্বাচনী অঙ্গনকে পরিচ্ছন্ন...
2025-06-22 17:08:31,597 - INFO - Scraping article 20/24: https://www.prothomalo.com/politics/5vgwrqbj1d
2025-06-22 17:08:31,784 - INFO - Successfully scraped: নতুন দল নিবন্ধনে আবেদনের সময় শেষ হচ্ছে আজ...
2025-06-22 17:08:32,784 - INFO - Scraping article 21/24: https://www.prothomalo.com/politics/f3hsnx37py
2025-06-22 17:08:32,961 - INFO - Successfully scraped: বন্দর লিজ ও রাখাইনে করিডরের উদ্যোগ বাতিলের দাবিতে ...
2025-06-22 17:08:33,961 - INFO - Scraping article 22/24: https://www.prothomalo.com/politics/dyyf3zgyf0
2025-06-22 17:08:34,160 - INFO - Successfully scraped: দলীয়করণ করলে গণ-অভ্যুত্থানের শহীদদের অবমূল্যায়ন কর...
2025-06-22 17:08:35,160 - INFO - Scraping article 23/24: https://www.prothomalo.com/bangladesh/district/l1xnj5cyge
2025-06-22 17:08:35,334 - INFO - Successfully scraped: নরসিংদীতে বিএনপির দুই পক্ষের সংঘর্ষের ছয় দিন পর গু...
2025-06-22 17:08:36,335 - INFO - Scraping article 24/24: https://www.prothomalo.com/bangladesh/district/rpnswh7nlt
2025-06-22 17:08:36,527 - INFO - Successfully scraped: ‘অনুমতি ছাড়াই’ নাম দেওয়া হলো এনসিপির কমিটিতে, আছেন...
2025-06-22 17:08:36,528 - INFO - Successfully scraped 24/24 articles
2025-06-22 17:08:36,528 - INFO - Starting bulk indexing of 24 documents...
2025-06-22 17:08:36,584 - INFO - PUT http://localhost:9200/_bulk [status:200 duration:0.027s]
2025-06-22 17:08:36,585 - INFO - Successfully indexed 24 documents
2025-06-22 17:08:36,585 - INFO - ============================================================
2025-06-22 17:08:36,585 - INFO - SCRAPING PIPELINE COMPLETED SUCCESSFULLY
2025-06-22 17:08:36,585 - INFO - ============================================================
2025-06-22 17:14:15,212 - INFO - ============================================================
2025-06-22 17:14:15,213 - INFO - PROTHOM ALO NEWS SCRAPER STARTING
2025-06-22 17:14:15,213 - INFO - ============================================================
2025-06-22 17:14:15,213 - INFO - Starting scraping pipeline for 2 pages...
2025-06-22 17:14:15,213 - INFO - Connecting to Elasticsearch...
2025-06-22 17:14:15,216 - INFO - HEAD http://localhost:9200/ [status:200 duration:0.002s]
2025-06-22 17:14:15,216 - INFO - Successfully connected to Elasticsearch
2025-06-22 17:14:15,218 - INFO - HEAD http://localhost:9200/prothomalo_politics [status:200 duration:0.001s]
2025-06-22 17:14:15,218 - INFO - Index 'prothomalo_politics' already exists
2025-06-22 17:14:15,218 - INFO - Fetching page 1/2 from API...
2025-06-22 17:14:16,784 - INFO - Fetching page 2/2 from API...
2025-06-22 17:14:23,189 - INFO - Found 24 article URLs
2025-06-22 17:14:23,190 - INFO - Scraping article 1/24: https://www.prothomalo.com/politics/ujjqo4ck4n
2025-06-22 17:14:28,510 - WARNING - Failed to parse date '২২ জুন ২০২৫, ১০: ৫০': time data '2025,-06-22' does not match format '%Y-%m-%d'
2025-06-22 17:14:28,510 - INFO - Successfully scraped: এভাবে চলতে থাকলে কেয়ামত পর্যন্ত ঐক্যের সম্ভাবনা নে...
2025-06-22 17:14:29,511 - INFO - Scraping article 2/24: https://www.prothomalo.com/politics/hzkg0zs3bm
2025-06-22 17:14:29,824 - WARNING - Failed to parse date '২২ জুন ২০২৫, ১০: ১৯': time data '2025,-06-22' does not match format '%Y-%m-%d'
2025-06-22 17:14:29,824 - INFO - Successfully scraped: ১০ বছরের বেশি কারও প্রধানমন্ত্রীর দায়িত্ব পালনের প...
2025-06-22 17:14:30,825 - INFO - Scraping article 3/24: https://www.prothomalo.com/politics/3o1455ef40
2025-06-22 17:14:36,048 - WARNING - Failed to parse date '২২ জুন ২০২৫, ০৭: ৫২': time data '2025,-06-22' does not match format '%Y-%m-%d'
2025-06-22 17:14:36,048 - INFO - Successfully scraped: সাবেক তিন সিইসিসহ ২৪ জনকে আসামি করে বিএনপির মামলার...
2025-06-22 17:14:37,049 - INFO - Scraping article 4/24: https://www.prothomalo.com/politics/yvpxaw1e3k
2025-06-22 17:14:37,655 - WARNING - Failed to parse date '২২ জুন ২০২৫, ০৭: ৪৬': time data '2025,-06-22' does not match format '%Y-%m-%d'
2025-06-22 17:14:37,655 - INFO - Successfully scraped: শিক্ষা-গবেষণায় বৈষম্য থাকবে না, এমন শিক্ষাঙ্গন করত...
2025-06-22 17:14:38,656 - INFO - Scraping article 5/24: https://www.prothomalo.com/politics/yilg8xycel
2025-06-22 17:14:38,994 - WARNING - Failed to parse date '২২ জুন ২০২৫, ০৬: ৩৮': time data '2025,-06-22' does not match format '%Y-%m-%d'
2025-06-22 17:14:38,994 - INFO - Successfully scraped: রাজনৈতিক দলগুলোকে আরেকটু ছাড়ের জায়গায় আসার আহ্বান ...
2025-06-22 17:14:39,994 - INFO - Scraping article 6/24: https://www.prothomalo.com/politics/scpqv44du6
2025-06-22 17:14:40,384 - WARNING - Failed to parse date '২২ জুন ২০২৫, ০৬: ২৯': time data '2025,-06-22' does not match format '%Y-%m-%d'
2025-06-22 17:14:40,384 - INFO - Successfully scraped: একক দলের সঙ্গে বসে নির্বাচনের তারিখ নির্ধারণের চেষ...
2025-06-22 17:14:41,385 - INFO - Scraping article 7/24: https://www.prothomalo.com/politics/11fsy1kmel
2025-06-22 17:14:41,734 - WARNING - Failed to parse date '২১ জুন ২০২৫, ১৮: ২৫': time data '2025,-06-21' does not match format '%Y-%m-%d'
2025-06-22 17:14:41,734 - INFO - Successfully scraped: সুষ্ঠু নির্বাচনের জন্য নির্বাচনী অঙ্গনকে পরিচ্ছন্ন...
2025-06-22 17:14:42,735 - INFO - Scraping article 8/24: https://www.prothomalo.com/politics/5vgwrqbj1d
2025-06-22 17:14:42,996 - WARNING - Failed to parse date '২১ জুন ২০২৫, ১৮: ০৭': time data '2025,-06-21' does not match format '%Y-%m-%d'
2025-06-22 17:14:42,996 - INFO - Successfully scraped: নতুন দল নিবন্ধনে আবেদনের সময় শেষ হচ্ছে আজ...
2025-06-22 17:14:43,997 - INFO - Scraping article 9/24: https://www.prothomalo.com/politics/f3hsnx37py
2025-06-22 17:14:44,287 - WARNING - Failed to parse date '২১ জুন ২০২৫, ১৬: ৪০': time data '2025,-06-21' does not match format '%Y-%m-%d'
2025-06-22 17:14:44,288 - INFO - Successfully scraped: বন্দর লিজ ও রাখাইনে করিডরের উদ্যোগ বাতিলের দাবিতে ...
2025-06-22 17:14:45,288 - INFO - Scraping article 10/24: https://www.prothomalo.com/politics/dyyf3zgyf0
2025-06-22 17:14:46,586 - WARNING - Failed to parse date '২১ জুন ২০২৫, ১৫: ৩৪': time data '2025,-06-21' does not match format '%Y-%m-%d'
2025-06-22 17:14:46,586 - INFO - Successfully scraped: দলীয়করণ করলে গণ-অভ্যুত্থানের শহীদদের অবমূল্যায়ন কর...
2025-06-22 17:14:47,586 - INFO - Scraping article 11/24: https://www.prothomalo.com/bangladesh/district/l1xnj5cyge
2025-06-22 17:14:47,843 - WARNING - Failed to parse date '২১ জুন ২০২৫, ১৬: ০৪': time data '2025,-06-21' does not match format '%Y-%m-%d'
2025-06-22 17:14:47,843 - INFO - Successfully scraped: নরসিংদীতে বিএনপির দুই পক্ষের সংঘর্ষের ছয় দিন পর গু...
2025-06-22 17:14:48,844 - INFO - Scraping article 12/24: https://www.prothomalo.com/bangladesh/district/rpnswh7nlt
2025-06-22 17:14:49,088 - WARNING - Failed to parse date '২১ জুন ২০২৫, ১৪: ২৫': time data '2025,-06-21' does not match format '%Y-%m-%d'
2025-06-22 17:14:49,088 - INFO - Successfully scraped: ‘অনুমতি ছাড়াই’ নাম দেওয়া হলো এনসিপির কমিটিতে, আছেন...
2025-06-22 17:14:50,089 - INFO - Scraping article 13/24: https://www.prothomalo.com/politics/ujjqo4ck4n
2025-06-22 17:14:50,458 - WARNING - Failed to parse date '২২ জুন ২০২৫, ১০: ৫০': time data '2025,-06-22' does not match format '%Y-%m-%d'
2025-06-22 17:14:50,458 - INFO - Successfully scraped: এভাবে চলতে থাকলে কেয়ামত পর্যন্ত ঐক্যের সম্ভাবনা নে...
2025-06-22 17:14:51,458 - INFO - Scraping article 14/24: https://www.prothomalo.com/politics/hzkg0zs3bm
2025-06-22 17:14:52,869 - WARNING - Failed to parse date '২২ জুন ২০২৫, ১০: ১৯': time data '2025,-06-22' does not match format '%Y-%m-%d'
2025-06-22 17:14:52,870 - INFO - Successfully scraped: ১০ বছরের বেশি কারও প্রধানমন্ত্রীর দায়িত্ব পালনের প...
2025-06-22 17:14:53,870 - INFO - Scraping article 15/24: https://www.prothomalo.com/politics/3o1455ef40
2025-06-22 17:14:55,670 - WARNING - Failed to parse date '২২ জুন ২০২৫, ০৭: ৫২': time data '2025,-06-22' does not match format '%Y-%m-%d'
2025-06-22 17:14:55,670 - INFO - Successfully scraped: সাবেক তিন সিইসিসহ ২৪ জনকে আসামি করে বিএনপির মামলার...
2025-06-22 17:14:56,671 - INFO - Scraping article 16/24: https://www.prothomalo.com/politics/yvpxaw1e3k
2025-06-22 17:14:57,415 - WARNING - Failed to parse date '২২ জুন ২০২৫, ০৭: ৪৬': time data '2025,-06-22' does not match format '%Y-%m-%d'
2025-06-22 17:14:57,415 - INFO - Successfully scraped: শিক্ষা-গবেষণায় বৈষম্য থাকবে না, এমন শিক্ষাঙ্গন করত...
2025-06-22 17:14:58,415 - INFO - Scraping article 17/24: https://www.prothomalo.com/politics/yilg8xycel
2025-06-22 17:14:59,237 - WARNING - Failed to parse date '২২ জুন ২০২৫, ০৬: ৩৮': time data '2025,-06-22' does not match format '%Y-%m-%d'
2025-06-22 17:14:59,237 - INFO - Successfully scraped: রাজনৈতিক দলগুলোকে আরেকটু ছাড়ের জায়গায় আসার আহ্বান ...
2025-06-22 17:15:00,238 - INFO - Scraping article 18/24: https://www.prothomalo.com/politics/scpqv44du6
2025-06-22 17:15:01,715 - WARNING - Failed to parse date '২২ জুন ২০২৫, ০৬: ২৯': time data '2025,-06-22' does not match format '%Y-%m-%d'
2025-06-22 17:15:01,716 - INFO - Successfully scraped: একক দলের সঙ্গে বসে নির্বাচনের তারিখ নির্ধারণের চেষ...
2025-06-22 17:15:02,716 - INFO - Scraping article 19/24: https://www.prothomalo.com/politics/11fsy1kmel
2025-06-22 17:15:03,036 - WARNING - Failed to parse date '২১ জুন ২০২৫, ১৮: ২৫': time data '2025,-06-21' does not match format '%Y-%m-%d'
2025-06-22 17:15:03,036 - INFO - Successfully scraped: সুষ্ঠু নির্বাচনের জন্য নির্বাচনী অঙ্গনকে পরিচ্ছন্ন...
2025-06-22 17:15:04,036 - INFO - Scraping article 20/24: https://www.prothomalo.com/politics/5vgwrqbj1d
2025-06-22 17:15:04,365 - WARNING - Failed to parse date '২১ জুন ২০২৫, ১৮: ০৭': time data '2025,-06-21' does not match format '%Y-%m-%d'
2025-06-22 17:15:04,365 - INFO - Successfully scraped: নতুন দল নিবন্ধনে আবেদনের সময় শেষ হচ্ছে আজ...
2025-06-22 17:15:05,368 - INFO - Scraping article 21/24: https://www.prothomalo.com/politics/f3hsnx37py
2025-06-22 17:15:05,627 - WARNING - Failed to parse date '২১ জুন ২০২৫, ১৬: ৪০': time data '2025,-06-21' does not match format '%Y-%m-%d'
2025-06-22 17:15:05,627 - INFO - Successfully scraped: বন্দর লিজ ও রাখাইনে করিডরের উদ্যোগ বাতিলের দাবিতে ...
2025-06-22 17:15:06,628 - INFO - Scraping article 22/24: https://www.prothomalo.com/politics/dyyf3zgyf0
2025-06-22 17:15:07,057 - WARNING - Failed to parse date '২১ জুন ২০২৫, ১৫: ৩৪': time data '2025,-06-21' does not match format '%Y-%m-%d'
2025-06-22 17:15:07,057 - INFO - Successfully scraped: দলীয়করণ করলে গণ-অভ্যুত্থানের শহীদদের অবমূল্যায়ন কর...
2025-06-22 17:15:08,058 - INFO - Scraping article 23/24: https://www.prothomalo.com/bangladesh/district/l1xnj5cyge
2025-06-22 17:15:08,310 - WARNING - Failed to parse date '২১ জুন ২০২৫, ১৬: ০৪': time data '2025,-06-21' does not match format '%Y-%m-%d'
2025-06-22 17:15:08,311 - INFO - Successfully scraped: নরসিংদীতে বিএনপির দুই পক্ষের সংঘর্ষের ছয় দিন পর গু...
2025-06-22 17:15:09,311 - INFO - Scraping article 24/24: https://www.prothomalo.com/bangladesh/district/rpnswh7nlt
2025-06-22 17:15:09,693 - WARNING - Failed to parse date '২১ জুন ২০২৫, ১৪: ২৫': time data '2025,-06-21' does not match format '%Y-%m-%d'
2025-06-22 17:15:09,693 - INFO - Successfully scraped: ‘অনুমতি ছাড়াই’ নাম দেওয়া হলো এনসিপির কমিটিতে, আছেন...
2025-06-22 17:15:09,694 - INFO - Successfully scraped 24/24 articles
2025-06-22 17:15:09,694 - INFO - Starting bulk indexing of 24 documents...
2025-06-22 17:15:09,750 - INFO - PUT http://localhost:9200/_bulk [status:200 duration:0.026s]
2025-06-22 17:15:09,751 - INFO - Successfully indexed 24 documents
2025-06-22 17:15:09,751 - INFO - ============================================================
2025-06-22 17:15:09,751 - INFO - SCRAPING PIPELINE COMPLETED SUCCESSFULLY
2025-06-22 17:15:09,751 - INFO - ============================================================
2025-06-22 17:16:48,501 - INFO - ============================================================
2025-06-22 17:16:48,501 - INFO - PROTHOM ALO NEWS SCRAPER STARTING
2025-06-22 17:16:48,501 - INFO - ============================================================
2025-06-22 17:16:48,501 - INFO - Starting scraping pipeline for 2 pages...
2025-06-22 17:16:48,501 - INFO - Connecting to Elasticsearch...
2025-06-22 17:16:48,504 - INFO - HEAD http://localhost:9200/ [status:200 duration:0.002s]
2025-06-22 17:16:48,504 - INFO - Successfully connected to Elasticsearch
2025-06-22 17:16:48,506 - INFO - HEAD http://localhost:9200/prothomalo_politics [status:200 duration:0.001s]
2025-06-22 17:16:48,506 - INFO - Index 'prothomalo_politics' already exists
2025-06-22 17:16:48,506 - INFO - Fetching page 1/2 from API...
2025-06-22 17:16:49,632 - INFO - Fetching page 2/2 from API...
2025-06-22 17:16:50,776 - INFO - Found 24 article URLs
2025-06-22 17:16:50,778 - INFO - Scraping article 1/24: https://www.prothomalo.com/politics/ujjqo4ck4n
2025-06-22 17:16:50,975 - INFO - Successfully scraped: এভাবে চলতে থাকলে কেয়ামত পর্যন্ত ঐক্যের সম্ভাবনা নে...
2025-06-22 17:16:51,975 - INFO - Scraping article 2/24: https://www.prothomalo.com/politics/hzkg0zs3bm
2025-06-22 17:16:52,184 - INFO - Successfully scraped: ১০ বছরের বেশি কারও প্রধানমন্ত্রীর দায়িত্ব পালনের প...
2025-06-22 17:16:53,185 - INFO - Scraping article 3/24: https://www.prothomalo.com/politics/3o1455ef40
2025-06-22 17:16:53,381 - INFO - Successfully scraped: সাবেক তিন সিইসিসহ ২৪ জনকে আসামি করে বিএনপির মামলার...
2025-06-22 17:16:54,381 - INFO - Scraping article 4/24: https://www.prothomalo.com/politics/yvpxaw1e3k
2025-06-22 17:16:54,588 - INFO - Successfully scraped: শিক্ষা-গবেষণায় বৈষম্য থাকবে না, এমন শিক্ষাঙ্গন করত...
2025-06-22 17:16:55,588 - INFO - Scraping article 5/24: https://www.prothomalo.com/politics/yilg8xycel
2025-06-22 17:16:55,817 - INFO - Successfully scraped: রাজনৈতিক দলগুলোকে আরেকটু ছাড়ের জায়গায় আসার আহ্বান ...
2025-06-22 17:16:56,818 - INFO - Scraping article 6/24: https://www.prothomalo.com/politics/scpqv44du6
2025-06-22 17:16:57,052 - INFO - Successfully scraped: একক দলের সঙ্গে বসে নির্বাচনের তারিখ নির্ধারণের চেষ...
2025-06-22 17:16:58,053 - INFO - Scraping article 7/24: https://www.prothomalo.com/politics/11fsy1kmel
2025-06-22 17:16:58,243 - INFO - Successfully scraped: সুষ্ঠু নির্বাচনের জন্য নির্বাচনী অঙ্গনকে পরিচ্ছন্ন...
2025-06-22 17:16:59,244 - INFO - Scraping article 8/24: https://www.prothomalo.com/politics/5vgwrqbj1d
2025-06-22 17:16:59,503 - INFO - Successfully scraped: নতুন দল নিবন্ধনে আবেদনের সময় শেষ হচ্ছে আজ...
2025-06-22 17:17:00,504 - INFO - Scraping article 9/24: https://www.prothomalo.com/politics/f3hsnx37py
2025-06-22 17:17:00,679 - INFO - Successfully scraped: বন্দর লিজ ও রাখাইনে করিডরের উদ্যোগ বাতিলের দাবিতে ...
2025-06-22 17:17:01,679 - INFO - Scraping article 10/24: https://www.prothomalo.com/politics/dyyf3zgyf0
2025-06-22 17:17:01,909 - INFO - Successfully scraped: দলীয়করণ করলে গণ-অভ্যুত্থানের শহীদদের অবমূল্যায়ন কর...
2025-06-22 17:17:02,909 - INFO - Scraping article 11/24: https://www.prothomalo.com/bangladesh/district/l1xnj5cyge
2025-06-22 17:17:03,108 - INFO - Successfully scraped: নরসিংদীতে বিএনপির দুই পক্ষের সংঘর্ষের ছয় দিন পর গু...
2025-06-22 17:17:04,109 - INFO - Scraping article 12/24: https://www.prothomalo.com/bangladesh/district/rpnswh7nlt
2025-06-22 17:17:04,307 - INFO - Successfully scraped: ‘অনুমতি ছাড়াই’ নাম দেওয়া হলো এনসিপির কমিটিতে, আছেন...
2025-06-22 17:17:05,308 - INFO - Scraping article 13/24: https://www.prothomalo.com/politics/ujjqo4ck4n
2025-06-22 17:17:05,506 - INFO - Successfully scraped: এভাবে চলতে থাকলে কেয়ামত পর্যন্ত ঐক্যের সম্ভাবনা নে...
2025-06-22 17:17:06,507 - INFO - Scraping article 14/24: https://www.prothomalo.com/politics/hzkg0zs3bm
2025-06-22 17:17:06,718 - INFO - Successfully scraped: ১০ বছরের বেশি কারও প্রধানমন্ত্রীর দায়িত্ব পালনের প...
2025-06-22 17:17:07,718 - INFO - Scraping article 15/24: https://www.prothomalo.com/politics/3o1455ef40
2025-06-22 17:17:07,995 - INFO - Successfully scraped: সাবেক তিন সিইসিসহ ২৪ জনকে আসামি করে বিএনপির মামলার...
2025-06-22 17:17:08,996 - INFO - Scraping article 16/24: https://www.prothomalo.com/politics/yvpxaw1e3k
2025-06-22 17:17:09,207 - INFO - Successfully scraped: শিক্ষা-গবেষণায় বৈষম্য থাকবে না, এমন শিক্ষাঙ্গন করত...
2025-06-22 17:17:10,208 - INFO - Scraping article 17/24: https://www.prothomalo.com/politics/yilg8xycel
2025-06-22 17:17:10,449 - INFO - Successfully scraped: রাজনৈতিক দলগুলোকে আরেকটু ছাড়ের জায়গায় আসার আহ্বান ...
2025-06-22 17:17:11,450 - INFO - Scraping article 18/24: https://www.prothomalo.com/politics/scpqv44du6
2025-06-22 17:17:11,689 - INFO - Successfully scraped: একক দলের সঙ্গে বসে নির্বাচনের তারিখ নির্ধারণের চেষ...
2025-06-22 17:17:12,690 - INFO - Scraping article 19/24: https://www.prothomalo.com/politics/11fsy1kmel
2025-06-22 17:17:12,873 - INFO - Successfully scraped: সুষ্ঠু নির্বাচনের জন্য নির্বাচনী অঙ্গনকে পরিচ্ছন্ন...
2025-06-22 17:17:13,874 - INFO - Scraping article 20/24: https://www.prothomalo.com/politics/5vgwrqbj1d
2025-06-22 17:17:14,086 - INFO - Successfully scraped: নতুন দল নিবন্ধনে আবেদনের সময় শেষ হচ্ছে আজ...
2025-06-22 17:17:15,086 - INFO - Scraping article 21/24: https://www.prothomalo.com/politics/f3hsnx37py
2025-06-22 17:17:15,474 - INFO - Successfully scraped: বন্দর লিজ ও রাখাইনে করিডরের উদ্যোগ বাতিলের দাবিতে ...
2025-06-22 17:17:16,475 - INFO - Scraping article 22/24: https://www.prothomalo.com/politics/dyyf3zgyf0
2025-06-22 17:17:16,636 - INFO - Successfully scraped: দলীয়করণ করলে গণ-অভ্যুত্থানের শহীদদের অবমূল্যায়ন কর...
2025-06-22 17:17:17,636 - INFO - Scraping article 23/24: https://www.prothomalo.com/bangladesh/district/l1xnj5cyge
2025-06-22 17:17:17,825 - INFO - Successfully scraped: নরসিংদীতে বিএনপির দুই পক্ষের সংঘর্ষের ছয় দিন পর গু...
2025-06-22 17:17:18,826 - INFO - Scraping article 24/24: https://www.prothomalo.com/bangladesh/district/rpnswh7nlt
2025-06-22 17:17:18,980 - INFO - Successfully scraped: ‘অনুমতি ছাড়াই’ নাম দেওয়া হলো এনসিপির কমিটিতে, আছেন...
2025-06-22 17:17:18,980 - INFO - Successfully scraped 24/24 articles
2025-06-22 17:17:18,981 - INFO - Starting bulk indexing of 24 documents...
2025-06-22 17:17:19,138 - INFO - PUT http://localhost:9200/_bulk [status:200 duration:0.133s]
2025-06-22 17:17:19,139 - INFO - Successfully indexed 24 documents
2025-06-22 17:17:19,146 - INFO - ============================================================
2025-06-22 17:17:19,146 - INFO - SCRAPING PIPELINE COMPLETED SUCCESSFULLY
2025-06-22 17:17:19,147 - INFO - ============================================================
2025-06-22 17:43:44,717 - INFO - ============================================================
2025-06-22 17:43:44,717 - INFO - PROTHOM ALO NEWS SCRAPER STARTING
2025-06-22 17:43:44,717 - INFO - ============================================================
2025-06-22 17:43:44,717 - INFO - Starting scraping pipeline for 2 pages...
2025-06-22 17:43:44,718 - INFO - Connecting to Elasticsearch...
2025-06-22 17:43:44,721 - INFO - HEAD http://localhost:9200/ [status:200 duration:0.002s]
2025-06-22 17:43:44,721 - INFO - Successfully connected to Elasticsearch
2025-06-22 17:43:44,723 - INFO - HEAD http://localhost:9200/prothomalo_politics [status:200 duration:0.002s]
2025-06-22 17:43:44,723 - INFO - Index 'prothomalo_politics' already exists
2025-06-22 17:43:44,723 - INFO - Fetching page 1/2 from API...
2025-06-22 17:43:46,181 - INFO - Fetching page 2/2 from API...
2025-06-22 17:43:47,659 - INFO - Found 24 article URLs
2025-06-22 17:43:47,660 - INFO - Scraping article 1/24: https://www.prothomalo.com/politics/lyq9hezedw
2025-06-22 17:43:47,878 - INFO - Successfully scraped: ‘শাপলা’ প্রতীক চেয়ে ইসিতে নিবন্ধনের আবেদন এনসিপির...
2025-06-22 17:43:48,879 - INFO - Scraping article 2/24: https://www.prothomalo.com/politics/ujjqo4ck4n
2025-06-22 17:43:49,082 - INFO - Successfully scraped: এভাবে চলতে থাকলে কেয়ামত পর্যন্ত ঐক্যের সম্ভাবনা নে...
2025-06-22 17:43:50,082 - INFO - Scraping article 3/24: https://www.prothomalo.com/politics/hzkg0zs3bm
2025-06-22 17:43:50,395 - INFO - Successfully scraped: ১০ বছরের বেশি কারও প্রধানমন্ত্রীর দায়িত্ব পালনের প...
2025-06-22 17:43:51,396 - INFO - Scraping article 4/24: https://www.prothomalo.com/politics/3o1455ef40
2025-06-22 17:43:51,587 - INFO - Successfully scraped: সাবেক তিন সিইসিসহ ২৪ জনকে আসামি করে বিএনপির মামলার...
2025-06-22 17:43:52,588 - INFO - Scraping article 5/24: https://www.prothomalo.com/politics/yvpxaw1e3k
2025-06-22 17:43:52,807 - INFO - Successfully scraped: শিক্ষা-গবেষণায় বৈষম্য থাকবে না, এমন শিক্ষাঙ্গন করত...
2025-06-22 17:43:53,807 - INFO - Scraping article 6/24: https://www.prothomalo.com/politics/yilg8xycel
2025-06-22 17:43:54,062 - INFO - Successfully scraped: রাজনৈতিক দলগুলোকে আরেকটু ছাড়ের জায়গায় আসার আহ্বান ...
2025-06-22 17:43:55,062 - INFO - Scraping article 7/24: https://www.prothomalo.com/politics/scpqv44du6
2025-06-22 17:43:55,240 - INFO - Successfully scraped: একক দলের সঙ্গে বসে নির্বাচনের তারিখ নির্ধারণের চেষ...
2025-06-22 17:43:56,241 - INFO - Scraping article 8/24: https://www.prothomalo.com/politics/11fsy1kmel
2025-06-22 17:43:56,493 - INFO - Successfully scraped: সুষ্ঠু নির্বাচনের জন্য নির্বাচনী অঙ্গনকে পরিচ্ছন্ন...
2025-06-22 17:43:57,495 - INFO - Scraping article 9/24: https://www.prothomalo.com/politics/5vgwrqbj1d
2025-06-22 17:43:57,727 - INFO - Successfully scraped: নতুন দল নিবন্ধনে আবেদনের সময় শেষ হচ্ছে আজ...
2025-06-22 17:43:58,728 - INFO - Scraping article 10/24: https://www.prothomalo.com/politics/f3hsnx37py
2025-06-22 17:43:58,968 - INFO - Successfully scraped: বন্দর লিজ ও রাখাইনে করিডরের উদ্যোগ বাতিলের দাবিতে ...
2025-06-22 17:43:59,969 - INFO - Scraping article 11/24: https://www.prothomalo.com/politics/dyyf3zgyf0
2025-06-22 17:44:00,161 - INFO - Successfully scraped: দলীয়করণ করলে গণ-অভ্যুত্থানের শহীদদের অবমূল্যায়ন কর...
2025-06-22 17:44:01,161 - INFO - Scraping article 12/24: https://www.prothomalo.com/bangladesh/district/l1xnj5cyge
2025-06-22 17:44:01,405 - INFO - Successfully scraped: নরসিংদীতে বিএনপির দুই পক্ষের সংঘর্ষের ছয় দিন পর গু...
2025-06-22 17:44:02,406 - INFO - Scraping article 13/24: https://www.prothomalo.com/politics/lyq9hezedw
2025-06-22 17:44:02,585 - INFO - Successfully scraped: ‘শাপলা’ প্রতীক চেয়ে ইসিতে নিবন্ধনের আবেদন এনসিপির...
2025-06-22 17:44:03,586 - INFO - Scraping article 14/24: https://www.prothomalo.com/politics/ujjqo4ck4n
2025-06-22 17:44:03,795 - INFO - Successfully scraped: এভাবে চলতে থাকলে কেয়ামত পর্যন্ত ঐক্যের সম্ভাবনা নে...
2025-06-22 17:44:04,796 - INFO - Scraping article 15/24: https://www.prothomalo.com/politics/hzkg0zs3bm
2025-06-22 17:44:05,085 - INFO - Successfully scraped: ১০ বছরের বেশি কারও প্রধানমন্ত্রীর দায়িত্ব পালনের প...
2025-06-22 17:44:06,085 - INFO - Scraping article 16/24: https://www.prothomalo.com/politics/3o1455ef40
2025-06-22 17:44:06,269 - INFO - Successfully scraped: সাবেক তিন সিইসিসহ ২৪ জনকে আসামি করে বিএনপির মামলার...
2025-06-22 17:44:07,269 - INFO - Scraping article 17/24: https://www.prothomalo.com/politics/yvpxaw1e3k
2025-06-22 17:44:07,449 - INFO - Successfully scraped: শিক্ষা-গবেষণায় বৈষম্য থাকবে না, এমন শিক্ষাঙ্গন করত...
2025-06-22 17:44:08,450 - INFO - Scraping article 18/24: https://www.prothomalo.com/politics/yilg8xycel
2025-06-22 17:44:08,612 - INFO - Successfully scraped: রাজনৈতিক দলগুলোকে আরেকটু ছাড়ের জায়গায় আসার আহ্বান ...
2025-06-22 17:44:09,612 - INFO - Scraping article 19/24: https://www.prothomalo.com/politics/scpqv44du6
2025-06-22 17:44:09,840 - INFO - Successfully scraped: একক দলের সঙ্গে বসে নির্বাচনের তারিখ নির্ধারণের চেষ...
2025-06-22 17:44:10,841 - INFO - Scraping article 20/24: https://www.prothomalo.com/politics/11fsy1kmel
2025-06-22 17:44:11,022 - INFO - Successfully scraped: সুষ্ঠু নির্বাচনের জন্য নির্বাচনী অঙ্গনকে পরিচ্ছন্ন...
2025-06-22 17:44:12,023 - INFO - Scraping article 21/24: https://www.prothomalo.com/politics/5vgwrqbj1d
2025-06-22 17:44:12,209 - INFO - Successfully scraped: নতুন দল নিবন্ধনে আবেদনের সময় শেষ হচ্ছে আজ...
2025-06-22 17:44:13,210 - INFO - Scraping article 22/24: https://www.prothomalo.com/politics/f3hsnx37py
2025-06-22 17:44:13,402 - INFO - Successfully scraped: বন্দর লিজ ও রাখাইনে করিডরের উদ্যোগ বাতিলের দাবিতে ...
2025-06-22 17:44:14,403 - INFO - Scraping article 23/24: https://www.prothomalo.com/politics/dyyf3zgyf0
2025-06-22 17:44:14,618 - INFO - Successfully scraped: দলীয়করণ করলে গণ-অভ্যুত্থানের শহীদদের অবমূল্যায়ন কর...
2025-06-22 17:44:15,618 - INFO - Scraping article 24/24: https://www.prothomalo.com/bangladesh/district/l1xnj5cyge
2025-06-22 17:44:15,821 - INFO - Successfully scraped: নরসিংদীতে বিএনপির দুই পক্ষের সংঘর্ষের ছয় দিন পর গু...
2025-06-22 17:44:15,822 - INFO - Successfully scraped 24/24 articles
2025-06-22 17:44:15,822 - INFO - Starting bulk indexing of 24 documents...
2025-06-22 17:44:15,871 - INFO - PUT http://localhost:9200/_bulk [status:200 duration:0.024s]
2025-06-22 17:44:15,871 - INFO - Successfully indexed 24 documents
2025-06-22 17:44:15,872 - INFO - ============================================================
2025-06-22 17:44:15,872 - INFO - SCRAPING PIPELINE COMPLETED SUCCESSFULLY
2025-06-22 17:44:15,872 - INFO - ============================================================
